<?xml version="1.0" encoding="UTF-8"?>
<!-- Generated by org.testng.reporters.JUnitReportReporter -->
<testsuite hostname="ws-02-10-002" failures="0" tests="1" name="com.task.fancode.FancodeTask" time="3.048" errors="0" timestamp="2024-06-01T16:30:34 IST" skipped="0">
  <testcase classname="com.task.fancode.FancodeTask" name="validateUserTaskCompletion" time="3.048"/>
  <system-out/>
</testsuite> <!-- com.task.fancode.FancodeTask -->
